{"name": "test_ticker_response[ABSETH]", "status": "failed", "statusDetails": {"message": "AssertionError: assert 305.604 < 300", "trace": "symbol = 'ABSETH'\n\n    @pytest.mark.parametrize(('symbol'), [LIST_OF_ARGVALUES[0]])\n    def test_ticker_response(symbol):\n        response = make_request(create_endpoint('ticker/t' + str(symbol)))\n        response_time = get_response_time(response)\n    \n        headers_data = get_response_headers(response)\n        content_type = get_json_from_asset(os.path.abspath('assets/content_type.json'))\n        body = get_response_body(response)\n        write_response_to_a_file(response, \"resp_text3.txt\")\n        for i in range(0, len(body)):\n            field_type = (type(body[i]))\n            appLogger.info('Check type ' + str(i) + str(field_type))\n            assert field_type == int or field_type == float\n    \n        assert response.ok\n>       assert response_time < 300\nE       assert 305.604 < 300\n\nendpoints/ticker/test_ticker.py:20: AssertionError"}, "attachments": [{"name": "log", "source": "7da9c287-ef51-45a3-8809-645e07c06b4c-attachment.txt", "type": "text/plain"}], "parameters": [{"name": "symbol", "value": "'ABSETH'"}], "start": 1581525614468, "stop": 1581525614784, "uuid": "8ae2d141-774c-4579-b92b-36f564a7695f", "historyId": "c11eb51010266d60b007319c95e7f71b", "fullName": "endpoints.ticker.test_ticker#test_ticker_response[ABSETH]", "labels": [{"name": "parentSuite", "value": "endpoints.ticker"}, {"name": "suite", "value": "test_ticker"}, {"name": "subSuite"}, {"name": "host", "value": "local"}, {"name": "thread", "value": "11312-MainThread"}, {"name": "framework", "value": "pytest"}, {"name": "language", "value": "cpython3"}, {"name": "package", "value": "endpoints.ticker.test_ticker"}]}