{"name": "test_ticker_response[ANTUSD]", "status": "failed", "statusDetails": {"message": "AssertionError: assert 321.538 < 300", "trace": "symbol = 'ANTUSD'\n\n    @pytest.mark.parametrize(('symbol'), LIST_OF_ARGVALUES[0:20])\n    def test_ticker_response(symbol):\n        response = make_request(create_endpoint('ticker/t' + str(symbol)))\n        response_time = get_response_time(response)\n    \n        headers_data = get_response_headers(response)\n        content_type = get_json_from_asset(os.path.abspath('assets/content_type.json'))\n        body = get_response_body(response)\n        write_response_to_a_file(response, \"resp_text3.txt\")\n    \n        assert response.ok\n>       assert response_time < 300\nE       assert 321.538 < 300\n\nendpoints/ticker/test_ticker.py:16: AssertionError"}, "attachments": [{"name": "log", "source": "68bd1cb0-702a-4969-84f1-81ac581d30b2-attachment.txt", "type": "text/plain"}], "parameters": [{"name": "symbol", "value": "'ANTUSD'"}], "start": 1581535625353, "stop": 1581535625689, "uuid": "b496b856-2556-4554-8ff7-46637118d626", "historyId": "c0bf7231a690fafd8f3c4ce600e80f07", "fullName": "endpoints.ticker.test_ticker#test_ticker_response[ANTUSD]", "labels": [{"name": "parentSuite", "value": "endpoints.ticker"}, {"name": "suite", "value": "test_ticker"}, {"name": "subSuite"}, {"name": "host", "value": "local"}, {"name": "thread", "value": "13261-MainThread"}, {"name": "framework", "value": "pytest"}, {"name": "language", "value": "cpython3"}, {"name": "package", "value": "endpoints.ticker.test_ticker"}]}