{"name": "test_tickers_response[ABSETH]", "status": "failed", "statusDetails": {"message": "AssertionError: assert 369.201 < 300", "trace": "symbols = 'ABSETH'\n\n    @pytest.mark.parametrize(('symbols'), [LIST_OF_ARGVALUES[0]]) # ('tBTCUSD'), ('tBTCUSD,tLTCUSD,fUSD'), ('ALL')\n    def test_tickers_response(symbols):\n        response = make_request(create_endpoint('ticker/t' + str(symbols)))\n        response_time = get_response_time(response)\n    \n        headers_data = get_response_headers(response)\n        content_type = get_json_from_asset(os.path.abspath('assets/content_type.json'))\n        body = get_response_body(response)\n        write_response_to_a_file(response, \"resp_text4.txt\")\n        for i in range(0, len(body)):\n        #for j in range(1, len(body[i])):\n            field_type = (type(body[i]))\n            appLogger.info('Check type' + str(i) + str(field_type))\n            assert field_type == int or field_type == float\n    \n        assert response.ok\n>       assert response_time < 300\nE       assert 369.201 < 300\n\nendpoints/tickers/test_tickers.py:21: AssertionError"}, "attachments": [{"name": "log", "source": "f67d81c4-d5be-4f8b-b2d9-6aea3d2b6041-attachment.txt", "type": "text/plain"}], "parameters": [{"name": "symbols", "value": "'ABSETH'"}], "start": 1581525614806, "stop": 1581525615185, "uuid": "7ad83951-36e4-4b34-a4dc-0f9a0c2f937d", "historyId": "707db42a160ad3cbbcb4affe5ac0ee26", "fullName": "endpoints.tickers.test_tickers#test_tickers_response[ABSETH]", "labels": [{"name": "parentSuite", "value": "endpoints.tickers"}, {"name": "suite", "value": "test_tickers"}, {"name": "subSuite"}, {"name": "host", "value": "local"}, {"name": "thread", "value": "11312-MainThread"}, {"name": "framework", "value": "pytest"}, {"name": "language", "value": "cpython3"}, {"name": "package", "value": "endpoints.tickers.test_tickers"}]}